[INFO] Scanning for projects...
[INFO] 
[INFO] ---------------< org.solace.scholar_ai:project_service >----------------
[INFO] Building project_service 0.0.1-SNAPSHOT
[INFO]   from pom.xml
[INFO] --------------------------------[ jar ]---------------------------------
[INFO] 
[INFO] >>> spring-boot:3.5.4:run (default-cli) > test-compile @ project_service >>>
[INFO] 
[INFO] --- git-commit-id:9.0.2:revision (default) @ project_service ---
[INFO] dotGitDirectory 'C:\Code\JavaFestMain\microservices\project_service\.git'
[INFO] Collected git.branch with value main
[INFO] Collected git.commit.id.abbrev with value 64110cd
[INFO] Collected git.commit.user.name with value Legend-2727
[INFO] Collected git.commit.message.full with value Complete LaTeX integration: Add all LaTeX controllers, services, DTOs, models, repositories, and Jackson configuration for LocalDateTime support
[INFO] including property 'git.commit.user.name' in results
[INFO] including property 'git.commit.id.abbrev' in results
[INFO] including property 'git.branch' in results
[INFO] including property 'git.commit.message.full' in results
[INFO] Reading existing properties file [C:\Code\JavaFestMain\microservices\project_service\target\classes\git.properties] (for project project_service)...
[INFO] Writing properties file [C:\Code\JavaFestMain\microservices\project_service\target\classes\git.properties] (for project project_service)...
[INFO] 
[INFO] --- resources:3.3.1:resources (default-resources) @ project_service ---
[INFO] Copying 4 resources from src\main\resources to target\classes
[INFO] Copying 0 resource from src\main\resources to target\classes
[INFO] 
[INFO] --- compiler:3.8.1:compile (default-compile) @ project_service ---
[INFO] Changes detected - recompiling the module!
[INFO] Compiling 71 source files to C:\Code\JavaFestMain\microservices\project_service\target\classes
[INFO] /C:/Code/JavaFestMain/microservices/project_service/src/main/java/org/solace/scholar_ai/project_service/service/latex/AIAssistanceService.java: C:\Code\JavaFestMain\microservices\project_service\src\main\java\org\solace\scholar_ai\project_service\service\latex\AIAssistanceService.java uses unchecked or unsafe operations.
[INFO] /C:/Code/JavaFestMain/microservices/project_service/src/main/java/org/solace/scholar_ai/project_service/service/latex/AIAssistanceService.java: Recompile with -Xlint:unchecked for details.
[INFO] 
[INFO] --- spotless:2.43.0:check (default) @ project_service ---
[INFO] Index file corresponds to a different configuration of the plugin. Either the plugin version or its configuration has changed. Fallback to an empty index
[INFO] Spotless.Java is keeping 72 files clean - 0 needs changes to be clean, 72 were already clean, 0 were skipped because caching determined they were already clean
[INFO] 
[INFO] --- resources:3.3.1:testResources (default-testResources) @ project_service ---
[INFO] skip non existing resourceDirectory C:\Code\JavaFestMain\microservices\project_service\src\test\resources
[INFO] 
[INFO] --- compiler:3.8.1:testCompile (default-testCompile) @ project_service ---
[INFO] Changes detected - recompiling the module!
[INFO] Compiling 1 source file to C:\Code\JavaFestMain\microservices\project_service\target\test-classes
[INFO] 
[INFO] <<< spring-boot:3.5.4:run (default-cli) < test-compile @ project_service <<<
[INFO] 
[INFO] 
[INFO] --- spring-boot:3.5.4:run (default-cli) @ project_service ---
[INFO] Attaching agents: []

  .   ____          _            __ _ _
 /\\ / ___'_ __ _ _(_)_ __  __ _ \ \ \ \
( ( )\___ | '_ | '_| | '_ \/ _` | \ \ \ \
 \\/  ___)| |_)| | | | | || (_| |  ) ) ) )
  '  |____| .__|_| |_|_| |_\__, | / / / /
 =========|_|==============|___/=/_/_/_/

 :: Spring Boot ::                (v3.5.4)

2025-08-16T00:19:28.111+06:00  INFO 24396 --- [project-service] [  restartedMain] o.s.s.p.ProjectServiceApplication        : Starting ProjectServiceApplication using Java 21.0.7 with PID 24396 (C:\Code\JavaFestMain\microservices\project_service\target\classes started by alami in C:\Code\JavaFestMain\microservices\project_service)
2025-08-16T00:19:28.114+06:00  INFO 24396 --- [project-service] [  restartedMain] o.s.s.p.ProjectServiceApplication        : The following 1 profile is active: "local"
2025-08-16T00:19:28.157+06:00  INFO 24396 --- [project-service] [  restartedMain] .e.DevToolsPropertyDefaultsPostProcessor : Devtools property defaults active! Set 'spring.devtools.add-properties' to 'false' to disable
2025-08-16T00:19:28.157+06:00  INFO 24396 --- [project-service] [  restartedMain] .e.DevToolsPropertyDefaultsPostProcessor : For additional web related logging consider setting the 'logging.level.web' property to 'DEBUG'
2025-08-16T00:19:29.648+06:00  INFO 24396 --- [project-service] [  restartedMain] .s.d.r.c.RepositoryConfigurationDelegate : Bootstrapping Spring Data JPA repositories in DEFAULT mode.
2025-08-16T00:19:29.932+06:00  INFO 24396 --- [project-service] [  restartedMain] .s.d.r.c.RepositoryConfigurationDelegate : Finished Spring Data repository scanning in 275 ms. Found 7 JPA repository interfaces.
2025-08-16T00:19:30.294+06:00  INFO 24396 --- [project-service] [  restartedMain] o.s.cloud.context.scope.GenericScope     : BeanFactory id=0ff576f6-eff3-3763-823c-95c53a8f1711
2025-08-16T00:19:30.789+06:00  INFO 24396 --- [project-service] [  restartedMain] o.s.b.w.embedded.tomcat.TomcatWebServer  : Tomcat initialized with port 8083 (http)
2025-08-16T00:19:30.802+06:00  INFO 24396 --- [project-service] [  restartedMain] o.apache.catalina.core.StandardService   : Starting service [Tomcat]
2025-08-16T00:19:30.802+06:00  INFO 24396 --- [project-service] [  restartedMain] o.apache.catalina.core.StandardEngine    : Starting Servlet engine: [Apache Tomcat/10.1.43]
2025-08-16T00:19:30.856+06:00  INFO 24396 --- [project-service] [  restartedMain] o.a.c.c.C.[Tomcat].[localhost].[/]       : Initializing Spring embedded WebApplicationContext
2025-08-16T00:19:30.857+06:00  INFO 24396 --- [project-service] [  restartedMain] w.s.c.ServletWebServerApplicationContext : Root WebApplicationContext: initialization completed in 2699 ms
2025-08-16T00:19:31.017+06:00 DEBUG 24396 --- [project-service] [  restartedMain] o.s.w.f.ServerHttpObservationFilter      : Filter 'webMvcObservationFilter' configured for use
2025-08-16T00:19:31.137+06:00  INFO 24396 --- [project-service] [  restartedMain] o.hibernate.jpa.internal.util.LogHelper  : HHH000204: Processing PersistenceUnitInfo [name: default]
2025-08-16T00:19:31.189+06:00  INFO 24396 --- [project-service] [  restartedMain] org.hibernate.Version                    : HHH000412: Hibernate ORM core version 6.6.22.Final
2025-08-16T00:19:31.224+06:00  INFO 24396 --- [project-service] [  restartedMain] o.h.c.internal.RegionFactoryInitiator    : HHH000026: Second-level cache disabled
2025-08-16T00:19:31.510+06:00  INFO 24396 --- [project-service] [  restartedMain] o.s.o.j.p.SpringPersistenceUnitInfo      : No LoadTimeWeaver setup: ignoring JPA class transformer
2025-08-16T00:19:31.554+06:00  INFO 24396 --- [project-service] [  restartedMain] com.zaxxer.hikari.HikariDataSource       : HikariPool-1 - Starting...
2025-08-16T00:19:31.759+06:00  INFO 24396 --- [project-service] [  restartedMain] com.zaxxer.hikari.pool.HikariPool        : HikariPool-1 - Added connection org.postgresql.jdbc.PgConnection@4163a9d6
2025-08-16T00:19:31.763+06:00  INFO 24396 --- [project-service] [  restartedMain] com.zaxxer.hikari.HikariDataSource       : HikariPool-1 - Start completed.
2025-08-16T00:19:31.822+06:00  WARN 24396 --- [project-service] [  restartedMain] org.hibernate.orm.deprecation            : HHH90000025: PostgreSQLDialect does not need to be specified explicitly using 'hibernate.dialect' (remove the property setting and it will be selected by default)
2025-08-16T00:19:31.874+06:00  INFO 24396 --- [project-service] [  restartedMain] org.hibernate.orm.connections.pooling    : HHH10001005: Database info:
	Database JDBC URL [Connecting through datasource 'HikariDataSource (HikariPool-1)']
	Database driver: undefined/unknown
	Database version: 17.5
	Autocommit mode: undefined/unknown
	Isolation level: undefined/unknown
	Minimum pool size: undefined/unknown
	Maximum pool size: undefined/unknown
2025-08-16T00:19:33.792+06:00  INFO 24396 --- [project-service] [  restartedMain] o.h.e.t.j.p.i.JtaPlatformInitiator       : HHH000489: No JTA platform available (set 'hibernate.transaction.jta.platform' to enable JTA platform integration)
2025-08-16T00:19:34.617+06:00  INFO 24396 --- [project-service] [  restartedMain] j.LocalContainerEntityManagerFactoryBean : Initialized JPA EntityManagerFactory for persistence unit 'default'
2025-08-16T00:19:35.414+06:00  INFO 24396 --- [project-service] [  restartedMain] o.s.d.j.r.query.QueryEnhancerFactory     : Hibernate is in classpath; If applicable, HQL parser will be used.
2025-08-16T00:19:37.072+06:00  WARN 24396 --- [project-service] [  restartedMain] JpaBaseConfiguration$JpaWebConfiguration : spring.jpa.open-in-view is enabled by default. Therefore, database queries may be performed during view rendering. Explicitly configure spring.jpa.open-in-view to disable this warning
2025-08-16T00:19:37.192+06:00 DEBUG 24396 --- [project-service] [  restartedMain] s.w.s.m.m.a.RequestMappingHandlerMapping : 41 mappings in 'requestMappingHandlerMapping'
2025-08-16T00:19:37.255+06:00 DEBUG 24396 --- [project-service] [  restartedMain] o.s.w.s.handler.SimpleUrlHandlerMapping  : Patterns [/webjars/**, /**, /swagger-ui*/*swagger-initializer.js, /swagger-ui*/**] in 'resourceHandlerMapping'
2025-08-16T00:19:37.299+06:00 DEBUG 24396 --- [project-service] [  restartedMain] s.w.s.m.m.a.RequestMappingHandlerAdapter : ControllerAdvice beans: 0 @ModelAttribute, 0 @InitBinder, 1 RequestBodyAdvice, 1 ResponseBodyAdvice
2025-08-16T00:19:37.355+06:00 DEBUG 24396 --- [project-service] [  restartedMain] .m.m.a.ExceptionHandlerExceptionResolver : ControllerAdvice beans: 2 @ExceptionHandler, 1 ResponseBodyAdvice
2025-08-16T00:19:38.679+06:00  INFO 24396 --- [project-service] [  restartedMain] o.s.cloud.commons.util.InetUtils         : Cannot determine local hostname
2025-08-16T00:19:38.995+06:00  WARN 24396 --- [project-service] [  restartedMain] o.s.b.d.a.OptionalLiveReloadServer       : Unable to start LiveReload server
2025-08-16T00:19:40.012+06:00  INFO 24396 --- [project-service] [  restartedMain] o.s.cloud.commons.util.InetUtils         : Cannot determine local hostname
2025-08-16T00:19:40.111+06:00  WARN 24396 --- [project-service] [  restartedMain] iguration$LoadBalancerCaffeineWarnLogger : Spring Cloud LoadBalancer is currently working with the default cache. While this cache implementation is useful for development and tests, it's recommended to use Caffeine cache in production.You can switch to using Caffeine cache, by adding it and org.springframework.cache.caffeine.CaffeineCacheManager to the classpath.
2025-08-16T00:19:40.123+06:00  INFO 24396 --- [project-service] [  restartedMain] o.s.b.a.e.web.EndpointLinksResolver      : Exposing 3 endpoints beneath base path '/actuator'
2025-08-16T00:19:40.453+06:00 DEBUG 24396 --- [project-service] [  restartedMain] o.s.web.client.RestTemplate              : HTTP GET http://localhost:8761/eureka/apps/
2025-08-16T00:19:40.604+06:00 DEBUG 24396 --- [project-service] [  restartedMain] o.s.web.client.RestTemplate              : Accept=[application/json, application/yaml, application/*+json]
2025-08-16T00:19:40.651+06:00 DEBUG 24396 --- [project-service] [  restartedMain] o.s.web.client.RestTemplate              : Response 200 OK
2025-08-16T00:19:40.653+06:00 DEBUG 24396 --- [project-service] [  restartedMain] o.s.web.client.RestTemplate              : Reading to [org.springframework.cloud.netflix.eureka.http.EurekaApplications]
2025-08-16T00:19:40.703+06:00 DEBUG 24396 --- [project-service] [foReplicator-%d] o.s.web.client.RestTemplate              : HTTP POST http://localhost:8761/eureka/apps/PROJECT-SERVICE
2025-08-16T00:19:40.706+06:00 DEBUG 24396 --- [project-service] [foReplicator-%d] o.s.web.client.RestTemplate              : Accept=[application/json, application/yaml, application/*+json]
2025-08-16T00:19:40.715+06:00  INFO 24396 --- [project-service] [  restartedMain] o.s.b.w.embedded.tomcat.TomcatWebServer  : Tomcat started on port 8083 (http) with context path '/'
2025-08-16T00:19:40.719+06:00 DEBUG 24396 --- [project-service] [foReplicator-%d] o.s.web.client.RestTemplate              : Writing [InstanceInfo [instanceId = localhost:project-service:8083, appName = PROJECT-SERVICE, hostName = localhost, status = UP, ipAddr = 192.168.56.1, port = 8083, securePort = 443, dataCenterInfo = com.netflix.appinfo.MyDataCenterInfo@6645a8d1] as "application/json"
2025-08-16T00:19:40.744+06:00 DEBUG 24396 --- [project-service] [foReplicator-%d] o.s.web.client.RestTemplate              : Response 204 NO_CONTENT
2025-08-16T00:19:41.734+06:00  INFO 24396 --- [project-service] [  restartedMain] o.s.cloud.commons.util.InetUtils         : Cannot determine local hostname
2025-08-16T00:19:41.736+06:00  INFO 24396 --- [project-service] [  restartedMain] o.s.a.r.c.CachingConnectionFactory       : Attempting to connect to: [localhost:5672]
2025-08-16T00:19:41.788+06:00  INFO 24396 --- [project-service] [  restartedMain] o.s.a.r.c.CachingConnectionFactory       : Created new connection: rabbitConnectionFactory#7e412147:0/SimpleConnection@36514c5a [delegate=amqp://scholar@127.0.0.1:5672/, localPort=8227]
2025-08-16T00:19:41.884+06:00  INFO 24396 --- [project-service] [  restartedMain] o.s.s.p.ProjectServiceApplication        : Started ProjectServiceApplication in 15.43 seconds (process running for 16.238)
2025-08-16T00:20:10.695+06:00 DEBUG 24396 --- [project-service] [reshExecutor-%d] o.s.web.client.RestTemplate              : HTTP GET http://localhost:8761/eureka/apps/delta
2025-08-16T00:20:10.695+06:00 DEBUG 24396 --- [project-service] [beatExecutor-%d] o.s.web.client.RestTemplate              : HTTP PUT http://localhost:8761/eureka/apps/PROJECT-SERVICE/localhost:project-service:8083?status=UP&lastDirtyTimestamp=1755281980696
2025-08-16T00:20:10.695+06:00 DEBUG 24396 --- [project-service] [reshExecutor-%d] o.s.web.client.RestTemplate              : Accept=[application/json, application/yaml, application/*+json]
2025-08-16T00:20:10.699+06:00 DEBUG 24396 --- [project-service] [beatExecutor-%d] o.s.web.client.RestTemplate              : Accept=[application/json, application/yaml, application/*+json]
2025-08-16T00:20:10.712+06:00 DEBUG 24396 --- [project-service] [beatExecutor-%d] o.s.web.client.RestTemplate              : Response 200 OK
2025-08-16T00:20:10.712+06:00 DEBUG 24396 --- [project-service] [reshExecutor-%d] o.s.web.client.RestTemplate              : Response 200 OK
2025-08-16T00:20:10.713+06:00 DEBUG 24396 --- [project-service] [reshExecutor-%d] o.s.web.client.RestTemplate              : Reading to [org.springframework.cloud.netflix.eureka.http.EurekaApplications]
2025-08-16T00:20:40.716+06:00 DEBUG 24396 --- [project-service] [beatExecutor-%d] o.s.web.client.RestTemplate              : HTTP PUT http://localhost:8761/eureka/apps/PROJECT-SERVICE/localhost:project-service:8083?status=UP&lastDirtyTimestamp=1755281980696
2025-08-16T00:20:40.716+06:00 DEBUG 24396 --- [project-service] [beatExecutor-%d] o.s.web.client.RestTemplate              : Accept=[application/json, application/yaml, application/*+json]
2025-08-16T00:20:40.730+06:00 DEBUG 24396 --- [project-service] [reshExecutor-%d] o.s.web.client.RestTemplate              : HTTP GET http://localhost:8761/eureka/apps/delta
2025-08-16T00:20:40.730+06:00 DEBUG 24396 --- [project-service] [reshExecutor-%d] o.s.web.client.RestTemplate              : Accept=[application/json, application/yaml, application/*+json]
2025-08-16T00:20:40.733+06:00 DEBUG 24396 --- [project-service] [beatExecutor-%d] o.s.web.client.RestTemplate              : Response 200 OK
2025-08-16T00:20:40.749+06:00 DEBUG 24396 --- [project-service] [reshExecutor-%d] o.s.web.client.RestTemplate              : Response 200 OK
2025-08-16T00:20:40.749+06:00 DEBUG 24396 --- [project-service] [reshExecutor-%d] o.s.web.client.RestTemplate              : Reading to [org.springframework.cloud.netflix.eureka.http.EurekaApplications]
2025-08-16T00:20:46.443+06:00  INFO 24396 --- [project-service] [nio-8083-exec-1] o.a.c.c.C.[Tomcat].[localhost].[/]       : Initializing Spring DispatcherServlet 'dispatcherServlet'
2025-08-16T00:20:46.443+06:00  INFO 24396 --- [project-service] [nio-8083-exec-1] o.s.web.servlet.DispatcherServlet        : Initializing Servlet 'dispatcherServlet'
2025-08-16T00:20:46.443+06:00 DEBUG 24396 --- [project-service] [nio-8083-exec-1] o.s.web.servlet.DispatcherServlet        : Detected StandardServletMultipartResolver
2025-08-16T00:20:46.443+06:00 DEBUG 24396 --- [project-service] [nio-8083-exec-1] o.s.web.servlet.DispatcherServlet        : Detected AcceptHeaderLocaleResolver
2025-08-16T00:20:46.443+06:00 DEBUG 24396 --- [project-service] [nio-8083-exec-1] o.s.web.servlet.DispatcherServlet        : Detected FixedThemeResolver
2025-08-16T00:20:46.445+06:00 DEBUG 24396 --- [project-service] [nio-8083-exec-1] o.s.web.servlet.DispatcherServlet        : Detected org.springframework.web.servlet.view.DefaultRequestToViewNameTranslator@343db368
2025-08-16T00:20:46.446+06:00 DEBUG 24396 --- [project-service] [nio-8083-exec-1] o.s.web.servlet.DispatcherServlet        : Detected org.springframework.web.servlet.support.SessionFlashMapManager@430ff07d
2025-08-16T00:20:46.446+06:00 DEBUG 24396 --- [project-service] [nio-8083-exec-1] o.s.web.servlet.DispatcherServlet        : enableLoggingRequestDetails='false': request parameters and headers will be masked to prevent unsafe logging of potentially sensitive data
2025-08-16T00:20:46.446+06:00  INFO 24396 --- [project-service] [nio-8083-exec-1] o.s.web.servlet.DispatcherServlet        : Completed initialization in 3 ms
2025-08-16T00:20:46.459+06:00 DEBUG 24396 --- [project-service] [nio-8083-exec-1] o.s.web.servlet.DispatcherServlet        : GET "/api/v1/projects?userId=a31653f9-f725-4e3d-ac69-e63beda5c55d", parameters={masked}
2025-08-16T00:20:46.467+06:00 DEBUG 24396 --- [project-service] [nio-8083-exec-1] s.w.s.m.m.a.RequestMappingHandlerMapping : Mapped to org.solace.scholar_ai.project_service.controller.project.ProjectController#getAllProjects(UUID)
2025-08-16T00:20:46.487+06:00  INFO 24396 --- [project-service] [nio-8083-exec-1] o.s.s.p.c.project.ProjectController      : Get all projects endpoint hit for user: a31653f9-f725-4e3d-ac69-e63beda5c55d
2025-08-16T00:20:46.498+06:00  INFO 24396 --- [project-service] [nio-8083-exec-1] o.s.s.p.service.project.ProjectService   : Fetching all projects for user: a31653f9-f725-4e3d-ac69-e63beda5c55d
2025-08-16T00:20:46.586+06:00 DEBUG 24396 --- [project-service] [nio-8083-exec-1] org.hibernate.SQL                        : 
    /* <criteria> */ select
        p1_0.id,
        p1_0.active_tasks,
        p1_0.created_at,
        p1_0.description,
        p1_0.domain,
        p1_0.is_starred,
        p1_0.last_activity,
        p1_0.name,
        p1_0.progress,
        p1_0.status,
        p1_0.tags,
        p1_0.topics,
        p1_0.total_papers,
        p1_0.updated_at,
        p1_0.user_id 
    from
        projects p1_0 
    where
        p1_0.user_id=?
Hibernate: 
    /* <criteria> */ select
        p1_0.id,
        p1_0.active_tasks,
        p1_0.created_at,
        p1_0.description,
        p1_0.domain,
        p1_0.is_starred,
        p1_0.last_activity,
        p1_0.name,
        p1_0.progress,
        p1_0.status,
        p1_0.tags,
        p1_0.topics,
        p1_0.total_papers,
        p1_0.updated_at,
        p1_0.user_id 
    from
        projects p1_0 
    where
        p1_0.user_id=?
2025-08-16T00:20:46.646+06:00 DEBUG 24396 --- [project-service] [nio-8083-exec-1] o.s.w.s.m.m.a.HttpEntityMethodProcessor  : Using 'application/json', given [application/json] and supported [application/json, application/*+json, application/yaml]
2025-08-16T00:20:46.656+06:00 DEBUG 24396 --- [project-service] [nio-8083-exec-1] o.s.w.s.m.m.a.HttpEntityMethodProcessor  : Writing [APIResponse(timestamp=2025-08-16T00:20:46.636756200, status=200, message=Projects retrieved successf (truncated)...]
2025-08-16T00:20:46.688+06:00 DEBUG 24396 --- [project-service] [nio-8083-exec-1] o.s.web.servlet.DispatcherServlet        : Completed 200 OK
2025-08-16T00:20:46.696+06:00 DEBUG 24396 --- [project-service] [nio-8083-exec-2] o.s.web.servlet.DispatcherServlet        : GET "/api/v1/projects?userId=a31653f9-f725-4e3d-ac69-e63beda5c55d", parameters={masked}
2025-08-16T00:20:46.698+06:00 DEBUG 24396 --- [project-service] [nio-8083-exec-2] s.w.s.m.m.a.RequestMappingHandlerMapping : Mapped to org.solace.scholar_ai.project_service.controller.project.ProjectController#getAllProjects(UUID)
2025-08-16T00:20:46.698+06:00  INFO 24396 --- [project-service] [nio-8083-exec-2] o.s.s.p.c.project.ProjectController      : Get all projects endpoint hit for user: a31653f9-f725-4e3d-ac69-e63beda5c55d
2025-08-16T00:20:46.698+06:00  INFO 24396 --- [project-service] [nio-8083-exec-2] o.s.s.p.service.project.ProjectService   : Fetching all projects for user: a31653f9-f725-4e3d-ac69-e63beda5c55d
2025-08-16T00:20:46.700+06:00 DEBUG 24396 --- [project-service] [nio-8083-exec-2] org.hibernate.SQL                        : 
    /* <criteria> */ select
        p1_0.id,
        p1_0.active_tasks,
        p1_0.created_at,
        p1_0.description,
        p1_0.domain,
        p1_0.is_starred,
        p1_0.last_activity,
        p1_0.name,
        p1_0.progress,
        p1_0.status,
        p1_0.tags,
        p1_0.topics,
        p1_0.total_papers,
        p1_0.updated_at,
        p1_0.user_id 
    from
        projects p1_0 
    where
        p1_0.user_id=?
Hibernate: 
    /* <criteria> */ select
        p1_0.id,
        p1_0.active_tasks,
        p1_0.created_at,
        p1_0.description,
        p1_0.domain,
        p1_0.is_starred,
        p1_0.last_activity,
        p1_0.name,
        p1_0.progress,
        p1_0.status,
        p1_0.tags,
        p1_0.topics,
        p1_0.total_papers,
        p1_0.updated_at,
        p1_0.user_id 
    from
        projects p1_0 
    where
        p1_0.user_id=?
2025-08-16T00:20:46.706+06:00 DEBUG 24396 --- [project-service] [nio-8083-exec-2] o.s.w.s.m.m.a.HttpEntityMethodProcessor  : Using 'application/json', given [application/json] and supported [application/json, application/*+json, application/yaml]
2025-08-16T00:20:46.706+06:00 DEBUG 24396 --- [project-service] [nio-8083-exec-2] o.s.w.s.m.m.a.HttpEntityMethodProcessor  : Writing [APIResponse(timestamp=2025-08-16T00:20:46.705720, status=200, message=Projects retrieved successfull (truncated)...]
2025-08-16T00:20:46.707+06:00 DEBUG 24396 --- [project-service] [nio-8083-exec-2] o.s.web.servlet.DispatcherServlet        : Completed 200 OK
2025-08-16T00:20:51.507+06:00 DEBUG 24396 --- [project-service] [nio-8083-exec-3] o.s.web.servlet.DispatcherServlet        : GET "/api/v1/projects/9027336c-0032-4dd8-b579-4d6d6bd22811?userId=a31653f9-f725-4e3d-ac69-e63beda5c55d", parameters={masked}
2025-08-16T00:20:51.509+06:00 DEBUG 24396 --- [project-service] [nio-8083-exec-3] s.w.s.m.m.a.RequestMappingHandlerMapping : Mapped to org.solace.scholar_ai.project_service.controller.project.ProjectController#getProjectById(UUID, UUID)
2025-08-16T00:20:51.510+06:00  INFO 24396 --- [project-service] [nio-8083-exec-3] o.s.s.p.c.project.ProjectController      : Get project 9027336c-0032-4dd8-b579-4d6d6bd22811 endpoint hit for user: a31653f9-f725-4e3d-ac69-e63beda5c55d
2025-08-16T00:20:51.514+06:00  INFO 24396 --- [project-service] [nio-8083-exec-3] o.s.s.p.service.project.ProjectService   : Fetching project with ID: 9027336c-0032-4dd8-b579-4d6d6bd22811 for user: a31653f9-f725-4e3d-ac69-e63beda5c55d
2025-08-16T00:20:51.517+06:00 DEBUG 24396 --- [project-service] [nio-8083-exec-3] org.hibernate.SQL                        : 
    /* <criteria> */ select
        p1_0.id,
        p1_0.active_tasks,
        p1_0.created_at,
        p1_0.description,
        p1_0.domain,
        p1_0.is_starred,
        p1_0.last_activity,
        p1_0.name,
        p1_0.progress,
        p1_0.status,
        p1_0.tags,
        p1_0.topics,
        p1_0.total_papers,
        p1_0.updated_at,
        p1_0.user_id 
    from
        projects p1_0 
    where
        p1_0.id=? 
        and p1_0.user_id=?
Hibernate: 
    /* <criteria> */ select
        p1_0.id,
        p1_0.active_tasks,
        p1_0.created_at,
        p1_0.description,
        p1_0.domain,
        p1_0.is_starred,
        p1_0.last_activity,
        p1_0.name,
        p1_0.progress,
        p1_0.status,
        p1_0.tags,
        p1_0.topics,
        p1_0.total_papers,
        p1_0.updated_at,
        p1_0.user_id 
    from
        projects p1_0 
    where
        p1_0.id=? 
        and p1_0.user_id=?
2025-08-16T00:20:51.525+06:00 DEBUG 24396 --- [project-service] [nio-8083-exec-3] o.s.w.s.m.m.a.HttpEntityMethodProcessor  : Using 'application/json', given [application/json] and supported [application/json, application/*+json, application/yaml]
2025-08-16T00:20:51.525+06:00 DEBUG 24396 --- [project-service] [nio-8083-exec-3] o.s.w.s.m.m.a.HttpEntityMethodProcessor  : Writing [APIResponse(timestamp=2025-08-16T00:20:51.524693100, status=200, message=Project retrieved successfu (truncated)...]
2025-08-16T00:20:51.527+06:00 DEBUG 24396 --- [project-service] [nio-8083-exec-3] o.s.web.servlet.DispatcherServlet        : Completed 200 OK
2025-08-16T00:20:51.541+06:00 DEBUG 24396 --- [project-service] [nio-8083-exec-4] o.s.web.servlet.DispatcherServlet        : GET "/api/v1/projects/9027336c-0032-4dd8-b579-4d6d6bd22811?userId=a31653f9-f725-4e3d-ac69-e63beda5c55d", parameters={masked}
2025-08-16T00:20:51.542+06:00 DEBUG 24396 --- [project-service] [nio-8083-exec-4] s.w.s.m.m.a.RequestMappingHandlerMapping : Mapped to org.solace.scholar_ai.project_service.controller.project.ProjectController#getProjectById(UUID, UUID)
2025-08-16T00:20:51.543+06:00  INFO 24396 --- [project-service] [nio-8083-exec-4] o.s.s.p.c.project.ProjectController      : Get project 9027336c-0032-4dd8-b579-4d6d6bd22811 endpoint hit for user: a31653f9-f725-4e3d-ac69-e63beda5c55d
2025-08-16T00:20:51.543+06:00  INFO 24396 --- [project-service] [nio-8083-exec-4] o.s.s.p.service.project.ProjectService   : Fetching project with ID: 9027336c-0032-4dd8-b579-4d6d6bd22811 for user: a31653f9-f725-4e3d-ac69-e63beda5c55d
2025-08-16T00:20:51.547+06:00 DEBUG 24396 --- [project-service] [nio-8083-exec-4] org.hibernate.SQL                        : 
    /* <criteria> */ select
        p1_0.id,
        p1_0.active_tasks,
        p1_0.created_at,
        p1_0.description,
        p1_0.domain,
        p1_0.is_starred,
        p1_0.last_activity,
        p1_0.name,
        p1_0.progress,
        p1_0.status,
        p1_0.tags,
        p1_0.topics,
        p1_0.total_papers,
        p1_0.updated_at,
        p1_0.user_id 
    from
        projects p1_0 
    where
        p1_0.id=? 
        and p1_0.user_id=?
Hibernate: 
    /* <criteria> */ select
        p1_0.id,
        p1_0.active_tasks,
        p1_0.created_at,
        p1_0.description,
        p1_0.domain,
        p1_0.is_starred,
        p1_0.last_activity,
        p1_0.name,
        p1_0.progress,
        p1_0.status,
        p1_0.tags,
        p1_0.topics,
        p1_0.total_papers,
        p1_0.updated_at,
        p1_0.user_id 
    from
        projects p1_0 
    where
        p1_0.id=? 
        and p1_0.user_id=?
2025-08-16T00:20:51.554+06:00 DEBUG 24396 --- [project-service] [nio-8083-exec-4] o.s.w.s.m.m.a.HttpEntityMethodProcessor  : Using 'application/json', given [application/json] and supported [application/json, application/*+json, application/yaml]
2025-08-16T00:20:51.554+06:00 DEBUG 24396 --- [project-service] [nio-8083-exec-4] o.s.w.s.m.m.a.HttpEntityMethodProcessor  : Writing [APIResponse(timestamp=2025-08-16T00:20:51.553642500, status=200, message=Project retrieved successfu (truncated)...]
2025-08-16T00:20:51.555+06:00 DEBUG 24396 --- [project-service] [nio-8083-exec-4] o.s.web.servlet.DispatcherServlet        : Completed 200 OK
2025-08-16T00:20:53.695+06:00 DEBUG 24396 --- [project-service] [nio-8083-exec-5] o.s.web.servlet.DispatcherServlet        : POST "/api/v1/library/project/9027336c-0032-4dd8-b579-4d6d6bd22811/stats", parameters={}
2025-08-16T00:20:53.696+06:00 DEBUG 24396 --- [project-service] [nio-8083-exec-5] s.w.s.m.m.a.RequestMappingHandlerMapping : Mapped to org.solace.scholar_ai.project_service.controller.library.LibraryController#getProjectLibraryStats(UUID, LibraryRequestDto)
2025-08-16T00:20:53.700+06:00 DEBUG 24396 --- [project-service] [nio-8083-exec-6] o.s.web.servlet.DispatcherServlet        : GET "/api/v1/projects/9027336c-0032-4dd8-b579-4d6d6bd22811?userId=a31653f9-f725-4e3d-ac69-e63beda5c55d", parameters={masked}
2025-08-16T00:20:53.703+06:00 DEBUG 24396 --- [project-service] [nio-8083-exec-6] s.w.s.m.m.a.RequestMappingHandlerMapping : Mapped to org.solace.scholar_ai.project_service.controller.project.ProjectController#getProjectById(UUID, UUID)
2025-08-16T00:20:53.704+06:00  INFO 24396 --- [project-service] [nio-8083-exec-6] o.s.s.p.c.project.ProjectController      : Get project 9027336c-0032-4dd8-b579-4d6d6bd22811 endpoint hit for user: a31653f9-f725-4e3d-ac69-e63beda5c55d
2025-08-16T00:20:53.705+06:00 DEBUG 24396 --- [project-service] [nio-8083-exec-7] o.s.web.servlet.DispatcherServlet        : POST "/api/v1/library/project/9027336c-0032-4dd8-b579-4d6d6bd22811/stats", parameters={}
2025-08-16T00:20:53.706+06:00 DEBUG 24396 --- [project-service] [nio-8083-exec-7] s.w.s.m.m.a.RequestMappingHandlerMapping : Mapped to org.solace.scholar_ai.project_service.controller.library.LibraryController#getProjectLibraryStats(UUID, LibraryRequestDto)
2025-08-16T00:20:53.708+06:00  INFO 24396 --- [project-service] [nio-8083-exec-6] o.s.s.p.service.project.ProjectService   : Fetching project with ID: 9027336c-0032-4dd8-b579-4d6d6bd22811 for user: a31653f9-f725-4e3d-ac69-e63beda5c55d
2025-08-16T00:20:53.710+06:00 DEBUG 24396 --- [project-service] [nio-8083-exec-6] org.hibernate.SQL                        : 
    /* <criteria> */ select
        p1_0.id,
        p1_0.active_tasks,
        p1_0.created_at,
        p1_0.description,
        p1_0.domain,
        p1_0.is_starred,
        p1_0.last_activity,
        p1_0.name,
        p1_0.progress,
        p1_0.status,
        p1_0.tags,
        p1_0.topics,
        p1_0.total_papers,
        p1_0.updated_at,
        p1_0.user_id 
    from
        projects p1_0 
    where
        p1_0.id=? 
        and p1_0.user_id=?
Hibernate: 
    /* <criteria> */ select
        p1_0.id,
        p1_0.active_tasks,
        p1_0.created_at,
        p1_0.description,
        p1_0.domain,
        p1_0.is_starred,
        p1_0.last_activity,
        p1_0.name,
        p1_0.progress,
        p1_0.status,
        p1_0.tags,
        p1_0.topics,
        p1_0.total_papers,
        p1_0.updated_at,
        p1_0.user_id 
    from
        projects p1_0 
    where
        p1_0.id=? 
        and p1_0.user_id=?
2025-08-16T00:20:53.712+06:00 DEBUG 24396 --- [project-service] [nio-8083-exec-5] m.m.a.RequestResponseBodyMethodProcessor : Read "application/json;charset=UTF-8" to [LibraryRequestDto[userId=a31653f9-f725-4e3d-ac69-e63beda5c55d, projectId=9027336c-0032-4dd8-b579-4d6 (truncated)...]
2025-08-16T00:20:53.712+06:00 DEBUG 24396 --- [project-service] [nio-8083-exec-7] m.m.a.RequestResponseBodyMethodProcessor : Read "application/json;charset=UTF-8" to [LibraryRequestDto[userId=a31653f9-f725-4e3d-ac69-e63beda5c55d, projectId=9027336c-0032-4dd8-b579-4d6 (truncated)...]
2025-08-16T00:20:53.724+06:00 DEBUG 24396 --- [project-service] [nio-8083-exec-6] o.s.w.s.m.m.a.HttpEntityMethodProcessor  : Using 'application/json', given [application/json] and supported [application/json, application/*+json, application/yaml]
2025-08-16T00:20:53.725+06:00 DEBUG 24396 --- [project-service] [nio-8083-exec-6] o.s.w.s.m.m.a.HttpEntityMethodProcessor  : Writing [APIResponse(timestamp=2025-08-16T00:20:53.721812700, status=200, message=Project retrieved successfu (truncated)...]
2025-08-16T00:20:53.726+06:00 DEBUG 24396 --- [project-service] [nio-8083-exec-6] o.s.web.servlet.DispatcherServlet        : Completed 200 OK
2025-08-16T00:20:53.742+06:00 DEBUG 24396 --- [project-service] [nio-8083-exec-8] o.s.web.servlet.DispatcherServlet        : GET "/api/v1/projects/9027336c-0032-4dd8-b579-4d6d6bd22811?userId=a31653f9-f725-4e3d-ac69-e63beda5c55d", parameters={masked}
2025-08-16T00:20:53.746+06:00 DEBUG 24396 --- [project-service] [nio-8083-exec-8] s.w.s.m.m.a.RequestMappingHandlerMapping : Mapped to org.solace.scholar_ai.project_service.controller.project.ProjectController#getProjectById(UUID, UUID)
2025-08-16T00:20:53.746+06:00  INFO 24396 --- [project-service] [nio-8083-exec-8] o.s.s.p.c.project.ProjectController      : Get project 9027336c-0032-4dd8-b579-4d6d6bd22811 endpoint hit for user: a31653f9-f725-4e3d-ac69-e63beda5c55d
2025-08-16T00:20:53.747+06:00  INFO 24396 --- [project-service] [nio-8083-exec-8] o.s.s.p.service.project.ProjectService   : Fetching project with ID: 9027336c-0032-4dd8-b579-4d6d6bd22811 for user: a31653f9-f725-4e3d-ac69-e63beda5c55d
2025-08-16T00:20:53.749+06:00 DEBUG 24396 --- [project-service] [nio-8083-exec-8] org.hibernate.SQL                        : 
    /* <criteria> */ select
        p1_0.id,
        p1_0.active_tasks,
        p1_0.created_at,
        p1_0.description,
        p1_0.domain,
        p1_0.is_starred,
        p1_0.last_activity,
        p1_0.name,
        p1_0.progress,
        p1_0.status,
        p1_0.tags,
        p1_0.topics,
        p1_0.total_papers,
        p1_0.updated_at,
        p1_0.user_id 
    from
        projects p1_0 
    where
        p1_0.id=? 
        and p1_0.user_id=?
Hibernate: 
    /* <criteria> */ select
        p1_0.id,
        p1_0.active_tasks,
        p1_0.created_at,
        p1_0.description,
        p1_0.domain,
        p1_0.is_starred,
        p1_0.last_activity,
        p1_0.name,
        p1_0.progress,
        p1_0.status,
        p1_0.tags,
        p1_0.topics,
        p1_0.total_papers,
        p1_0.updated_at,
        p1_0.user_id 
    from
        projects p1_0 
    where
        p1_0.id=? 
        and p1_0.user_id=?
2025-08-16T00:20:53.765+06:00 DEBUG 24396 --- [project-service] [nio-8083-exec-8] o.s.w.s.m.m.a.HttpEntityMethodProcessor  : Using 'application/json', given [application/json] and supported [application/json, application/*+json, application/yaml]
2025-08-16T00:20:53.765+06:00 DEBUG 24396 --- [project-service] [nio-8083-exec-8] o.s.w.s.m.m.a.HttpEntityMethodProcessor  : Writing [APIResponse(timestamp=2025-08-16T00:20:53.764914900, status=200, message=Project retrieved successfu (truncated)...]
2025-08-16T00:20:53.767+06:00 DEBUG 24396 --- [project-service] [nio-8083-exec-8] o.s.web.servlet.DispatcherServlet        : Completed 200 OK
2025-08-16T00:20:53.789+06:00  INFO 24396 --- [project-service] [nio-8083-exec-7] o.s.s.p.c.library.LibraryController      : Get project library stats 9027336c-0032-4dd8-b579-4d6d6bd22811 endpoint hit by user: a31653f9-f725-4e3d-ac69-e63beda5c55d
2025-08-16T00:20:53.789+06:00  INFO 24396 --- [project-service] [nio-8083-exec-5] o.s.s.p.c.library.LibraryController      : Get project library stats 9027336c-0032-4dd8-b579-4d6d6bd22811 endpoint hit by user: a31653f9-f725-4e3d-ac69-e63beda5c55d
2025-08-16T00:20:53.790+06:00  INFO 24396 --- [project-service] [nio-8083-exec-7] o.s.s.p.service.library.LibraryService   : Retrieving library for project: 9027336c-0032-4dd8-b579-4d6d6bd22811 by user: a31653f9-f725-4e3d-ac69-e63beda5c55d
2025-08-16T00:20:53.791+06:00  INFO 24396 --- [project-service] [nio-8083-exec-5] o.s.s.p.service.library.LibraryService   : Retrieving library for project: 9027336c-0032-4dd8-b579-4d6d6bd22811 by user: a31653f9-f725-4e3d-ac69-e63beda5c55d
2025-08-16T00:20:53.793+06:00 DEBUG 24396 --- [project-service] [nio-8083-exec-7] org.hibernate.SQL                        : 
    /* <criteria> */ select
        p1_0.id,
        p1_0.active_tasks,
        p1_0.created_at,
        p1_0.description,
        p1_0.domain,
        p1_0.is_starred,
        p1_0.last_activity,
        p1_0.name,
        p1_0.progress,
        p1_0.status,
        p1_0.tags,
        p1_0.topics,
        p1_0.total_papers,
        p1_0.updated_at,
        p1_0.user_id 
    from
        projects p1_0 
    where
        p1_0.id=? 
        and p1_0.user_id=?
Hibernate: 
    /* <criteria> */ select
        p1_0.id,
        p1_0.active_tasks,
        p1_0.created_at,
        p1_0.description,
        p1_0.domain,
        p1_0.is_starred,
        p1_0.last_activity,
        p1_0.name,
        p1_0.progress,
        p1_0.status,
        p1_0.tags,
        p1_0.topics,
        p1_0.total_papers,
        p1_0.updated_at,
        p1_0.user_id 
    from
        projects p1_0 
    where
        p1_0.id=? 
        and p1_0.user_id=?
2025-08-16T00:20:53.796+06:00 DEBUG 24396 --- [project-service] [nio-8083-exec-5] org.hibernate.SQL                        : 
    /* <criteria> */ select
        p1_0.id,
        p1_0.active_tasks,
        p1_0.created_at,
        p1_0.description,
        p1_0.domain,
        p1_0.is_starred,
        p1_0.last_activity,
        p1_0.name,
        p1_0.progress,
        p1_0.status,
        p1_0.tags,
        p1_0.topics,
        p1_0.total_papers,
        p1_0.updated_at,
        p1_0.user_id 
    from
        projects p1_0 
    where
        p1_0.id=? 
        and p1_0.user_id=?
Hibernate: 
    /* <criteria> */ select
        p1_0.id,
        p1_0.active_tasks,
        p1_0.created_at,
        p1_0.description,
        p1_0.domain,
        p1_0.is_starred,
        p1_0.last_activity,
        p1_0.name,
        p1_0.progress,
        p1_0.status,
        p1_0.tags,
        p1_0.topics,
        p1_0.total_papers,
        p1_0.updated_at,
        p1_0.user_id 
    from
        projects p1_0 
    where
        p1_0.id=? 
        and p1_0.user_id=?
2025-08-16T00:20:53.803+06:00 DEBUG 24396 --- [project-service] [nio-8083-exec-7] org.hibernate.SQL                        : 
    /* <criteria> */ select
        wso1_0.correlation_id,
        wso1_0.batch_size,
        wso1_0.completed_at,
        wso1_0.created_at,
        wso1_0.domain,
        wso1_0.error_message,
        wso1_0.project_id,
        wso1_0.query_terms,
        wso1_0.search_duration_ms,
        wso1_0.status,
        wso1_0.submitted_at,
        wso1_0.total_papers_found,
        wso1_0.updated_at 
    from
        web_search_operations wso1_0 
    where
        wso1_0.project_id=? 
    order by
        wso1_0.submitted_at desc
Hibernate: 
    /* <criteria> */ select
        wso1_0.correlation_id,
        wso1_0.batch_size,
        wso1_0.completed_at,
        wso1_0.created_at,
        wso1_0.domain,
        wso1_0.error_message,
        wso1_0.project_id,
        wso1_0.query_terms,
        wso1_0.search_duration_ms,
        wso1_0.status,
        wso1_0.submitted_at,
        wso1_0.total_papers_found,
        wso1_0.updated_at 
    from
        web_search_operations wso1_0 
    where
        wso1_0.project_id=? 
    order by
        wso1_0.submitted_at desc
2025-08-16T00:20:53.809+06:00 DEBUG 24396 --- [project-service] [nio-8083-exec-5] org.hibernate.SQL                        : 
    /* <criteria> */ select
        wso1_0.correlation_id,
        wso1_0.batch_size,
        wso1_0.completed_at,
        wso1_0.created_at,
        wso1_0.domain,
        wso1_0.error_message,
        wso1_0.project_id,
        wso1_0.query_terms,
        wso1_0.search_duration_ms,
        wso1_0.status,
        wso1_0.submitted_at,
        wso1_0.total_papers_found,
        wso1_0.updated_at 
    from
        web_search_operations wso1_0 
    where
        wso1_0.project_id=? 
    order by
        wso1_0.submitted_at desc
Hibernate: 
    /* <criteria> */ select
        wso1_0.correlation_id,
        wso1_0.batch_size,
        wso1_0.completed_at,
        wso1_0.created_at,
        wso1_0.domain,
        wso1_0.error_message,
        wso1_0.project_id,
        wso1_0.query_terms,
        wso1_0.search_duration_ms,
        wso1_0.status,
        wso1_0.submitted_at,
        wso1_0.total_papers_found,
        wso1_0.updated_at 
    from
        web_search_operations wso1_0 
    where
        wso1_0.project_id=? 
    order by
        wso1_0.submitted_at desc
2025-08-16T00:20:53.818+06:00 DEBUG 24396 --- [project-service] [nio-8083-exec-7] o.s.w.s.m.m.a.HttpEntityMethodProcessor  : Using 'application/json', given [application/json] and supported [application/json, application/*+json, application/yaml]
2025-08-16T00:20:53.820+06:00 DEBUG 24396 --- [project-service] [nio-8083-exec-5] o.s.w.s.m.m.a.HttpEntityMethodProcessor  : Using 'application/json', given [application/json] and supported [application/json, application/*+json, application/yaml]
2025-08-16T00:20:53.821+06:00 DEBUG 24396 --- [project-service] [nio-8083-exec-7] o.s.w.s.m.m.a.HttpEntityMethodProcessor  : Writing [APIResponse(timestamp=2025-08-16T00:20:53.817215200, status=200, message=Project has 0 papers from 0 (truncated)...]
2025-08-16T00:20:53.821+06:00 DEBUG 24396 --- [project-service] [nio-8083-exec-5] o.s.w.s.m.m.a.HttpEntityMethodProcessor  : Writing [APIResponse(timestamp=2025-08-16T00:20:53.820454900, status=200, message=Project has 0 papers from 0 (truncated)...]
2025-08-16T00:20:53.831+06:00 DEBUG 24396 --- [project-service] [nio-8083-exec-7] o.s.web.servlet.DispatcherServlet        : Completed 200 OK
2025-08-16T00:20:53.831+06:00 DEBUG 24396 --- [project-service] [nio-8083-exec-5] o.s.web.servlet.DispatcherServlet        : Completed 200 OK
2025-08-16T00:21:10.745+06:00 DEBUG 24396 --- [project-service] [beatExecutor-%d] o.s.web.client.RestTemplate              : HTTP PUT http://localhost:8761/eureka/apps/PROJECT-SERVICE/localhost:project-service:8083?status=UP&lastDirtyTimestamp=1755281980696
2025-08-16T00:21:10.746+06:00 DEBUG 24396 --- [project-service] [beatExecutor-%d] o.s.web.client.RestTemplate              : Accept=[application/json, application/yaml, application/*+json]
2025-08-16T00:21:10.760+06:00 DEBUG 24396 --- [project-service] [reshExecutor-%d] o.s.web.client.RestTemplate              : HTTP GET http://localhost:8761/eureka/apps/delta
2025-08-16T00:21:10.760+06:00 DEBUG 24396 --- [project-service] [reshExecutor-%d] o.s.web.client.RestTemplate              : Accept=[application/json, application/yaml, application/*+json]
2025-08-16T00:21:10.763+06:00 DEBUG 24396 --- [project-service] [beatExecutor-%d] o.s.web.client.RestTemplate              : Response 200 OK
2025-08-16T00:21:10.778+06:00 DEBUG 24396 --- [project-service] [reshExecutor-%d] o.s.web.client.RestTemplate              : Response 200 OK
2025-08-16T00:21:10.779+06:00 DEBUG 24396 --- [project-service] [reshExecutor-%d] o.s.web.client.RestTemplate              : Reading to [org.springframework.cloud.netflix.eureka.http.EurekaApplications]
2025-08-16T00:21:40.769+06:00 DEBUG 24396 --- [project-service] [beatExecutor-%d] o.s.web.client.RestTemplate              : HTTP PUT http://localhost:8761/eureka/apps/PROJECT-SERVICE/localhost:project-service:8083?status=UP&lastDirtyTimestamp=1755281980696
2025-08-16T00:21:40.770+06:00 DEBUG 24396 --- [project-service] [beatExecutor-%d] o.s.web.client.RestTemplate              : Accept=[application/json, application/yaml, application/*+json]
2025-08-16T00:21:40.785+06:00 DEBUG 24396 --- [project-service] [reshExecutor-%d] o.s.web.client.RestTemplate              : HTTP GET http://localhost:8761/eureka/apps/delta
2025-08-16T00:21:40.785+06:00 DEBUG 24396 --- [project-service] [reshExecutor-%d] o.s.web.client.RestTemplate              : Accept=[application/json, application/yaml, application/*+json]
2025-08-16T00:21:40.789+06:00 DEBUG 24396 --- [project-service] [beatExecutor-%d] o.s.web.client.RestTemplate              : Response 200 OK
2025-08-16T00:21:40.804+06:00 DEBUG 24396 --- [project-service] [reshExecutor-%d] o.s.web.client.RestTemplate              : Response 200 OK
2025-08-16T00:21:40.805+06:00 DEBUG 24396 --- [project-service] [reshExecutor-%d] o.s.web.client.RestTemplate              : Reading to [org.springframework.cloud.netflix.eureka.http.EurekaApplications]
2025-08-16T00:22:10.796+06:00 DEBUG 24396 --- [project-service] [beatExecutor-%d] o.s.web.client.RestTemplate              : HTTP PUT http://localhost:8761/eureka/apps/PROJECT-SERVICE/localhost:project-service:8083?status=UP&lastDirtyTimestamp=1755281980696
2025-08-16T00:22:10.796+06:00 DEBUG 24396 --- [project-service] [beatExecutor-%d] o.s.web.client.RestTemplate              : Accept=[application/json, application/yaml, application/*+json]
2025-08-16T00:22:10.811+06:00 DEBUG 24396 --- [project-service] [reshExecutor-%d] o.s.web.client.RestTemplate              : HTTP GET http://localhost:8761/eureka/apps/delta
2025-08-16T00:22:10.812+06:00 DEBUG 24396 --- [project-service] [reshExecutor-%d] o.s.web.client.RestTemplate              : Accept=[application/json, application/yaml, application/*+json]
2025-08-16T00:22:10.814+06:00 DEBUG 24396 --- [project-service] [beatExecutor-%d] o.s.web.client.RestTemplate              : Response 200 OK
2025-08-16T00:22:10.830+06:00 DEBUG 24396 --- [project-service] [reshExecutor-%d] o.s.web.client.RestTemplate              : Response 200 OK
2025-08-16T00:22:10.830+06:00 DEBUG 24396 --- [project-service] [reshExecutor-%d] o.s.web.client.RestTemplate              : Reading to [org.springframework.cloud.netflix.eureka.http.EurekaApplications]
2025-08-16T00:22:40.826+06:00 DEBUG 24396 --- [project-service] [beatExecutor-%d] o.s.web.client.RestTemplate              : HTTP PUT http://localhost:8761/eureka/apps/PROJECT-SERVICE/localhost:project-service:8083?status=UP&lastDirtyTimestamp=1755281980696
2025-08-16T00:22:40.826+06:00 DEBUG 24396 --- [project-service] [beatExecutor-%d] o.s.web.client.RestTemplate              : Accept=[application/json, application/yaml, application/*+json]
2025-08-16T00:22:40.841+06:00 DEBUG 24396 --- [project-service] [reshExecutor-%d] o.s.web.client.RestTemplate              : HTTP GET http://localhost:8761/eureka/apps/delta
2025-08-16T00:22:40.841+06:00 DEBUG 24396 --- [project-service] [reshExecutor-%d] o.s.web.client.RestTemplate              : Accept=[application/json, application/yaml, application/*+json]
2025-08-16T00:22:40.843+06:00 DEBUG 24396 --- [project-service] [beatExecutor-%d] o.s.web.client.RestTemplate              : Response 200 OK
2025-08-16T00:22:40.858+06:00 DEBUG 24396 --- [project-service] [reshExecutor-%d] o.s.web.client.RestTemplate              : Response 200 OK
2025-08-16T00:22:40.858+06:00 DEBUG 24396 --- [project-service] [reshExecutor-%d] o.s.web.client.RestTemplate              : Reading to [org.springframework.cloud.netflix.eureka.http.EurekaApplications]
2025-08-16T00:23:10.851+06:00 DEBUG 24396 --- [project-service] [beatExecutor-%d] o.s.web.client.RestTemplate              : HTTP PUT http://localhost:8761/eureka/apps/PROJECT-SERVICE/localhost:project-service:8083?status=UP&lastDirtyTimestamp=1755281980696
2025-08-16T00:23:10.851+06:00 DEBUG 24396 --- [project-service] [beatExecutor-%d] o.s.web.client.RestTemplate              : Accept=[application/json, application/yaml, application/*+json]
2025-08-16T00:23:10.866+06:00 DEBUG 24396 --- [project-service] [reshExecutor-%d] o.s.web.client.RestTemplate              : HTTP GET http://localhost:8761/eureka/apps/delta
2025-08-16T00:23:10.867+06:00 DEBUG 24396 --- [project-service] [reshExecutor-%d] o.s.web.client.RestTemplate              : Accept=[application/json, application/yaml, application/*+json]
2025-08-16T00:23:10.870+06:00 DEBUG 24396 --- [project-service] [beatExecutor-%d] o.s.web.client.RestTemplate              : Response 200 OK
2025-08-16T00:23:10.885+06:00 DEBUG 24396 --- [project-service] [reshExecutor-%d] o.s.web.client.RestTemplate              : Response 200 OK
2025-08-16T00:23:10.885+06:00 DEBUG 24396 --- [project-service] [reshExecutor-%d] o.s.web.client.RestTemplate              : Reading to [org.springframework.cloud.netflix.eureka.http.EurekaApplications]
2025-08-16T00:23:40.874+06:00 DEBUG 24396 --- [project-service] [beatExecutor-%d] o.s.web.client.RestTemplate              : HTTP PUT http://localhost:8761/eureka/apps/PROJECT-SERVICE/localhost:project-service:8083?status=UP&lastDirtyTimestamp=1755281980696
2025-08-16T00:23:40.874+06:00 DEBUG 24396 --- [project-service] [beatExecutor-%d] o.s.web.client.RestTemplate              : Accept=[application/json, application/yaml, application/*+json]
2025-08-16T00:23:40.888+06:00 DEBUG 24396 --- [project-service] [reshExecutor-%d] o.s.web.client.RestTemplate              : HTTP GET http://localhost:8761/eureka/apps/delta
2025-08-16T00:23:40.889+06:00 DEBUG 24396 --- [project-service] [reshExecutor-%d] o.s.web.client.RestTemplate              : Accept=[application/json, application/yaml, application/*+json]
2025-08-16T00:23:40.892+06:00 DEBUG 24396 --- [project-service] [beatExecutor-%d] o.s.web.client.RestTemplate              : Response 200 OK
2025-08-16T00:23:40.907+06:00 DEBUG 24396 --- [project-service] [reshExecutor-%d] o.s.web.client.RestTemplate              : Response 200 OK
2025-08-16T00:23:40.907+06:00 DEBUG 24396 --- [project-service] [reshExecutor-%d] o.s.web.client.RestTemplate              : Reading to [org.springframework.cloud.netflix.eureka.http.EurekaApplications]
2025-08-16T00:24:10.894+06:00 DEBUG 24396 --- [project-service] [beatExecutor-%d] o.s.web.client.RestTemplate              : HTTP PUT http://localhost:8761/eureka/apps/PROJECT-SERVICE/localhost:project-service:8083?status=UP&lastDirtyTimestamp=1755281980696
2025-08-16T00:24:10.894+06:00 DEBUG 24396 --- [project-service] [beatExecutor-%d] o.s.web.client.RestTemplate              : Accept=[application/json, application/yaml, application/*+json]
2025-08-16T00:24:10.909+06:00 DEBUG 24396 --- [project-service] [reshExecutor-%d] o.s.web.client.RestTemplate              : HTTP GET http://localhost:8761/eureka/apps/delta
2025-08-16T00:24:10.910+06:00 DEBUG 24396 --- [project-service] [reshExecutor-%d] o.s.web.client.RestTemplate              : Accept=[application/json, application/yaml, application/*+json]
2025-08-16T00:24:10.912+06:00 DEBUG 24396 --- [project-service] [beatExecutor-%d] o.s.web.client.RestTemplate              : Response 200 OK
2025-08-16T00:24:10.928+06:00 DEBUG 24396 --- [project-service] [reshExecutor-%d] o.s.web.client.RestTemplate              : Response 200 OK
2025-08-16T00:24:10.928+06:00 DEBUG 24396 --- [project-service] [reshExecutor-%d] o.s.web.client.RestTemplate              : Reading to [org.springframework.cloud.netflix.eureka.http.EurekaApplications]
2025-08-16T00:24:40.922+06:00 DEBUG 24396 --- [project-service] [beatExecutor-%d] o.s.web.client.RestTemplate              : HTTP PUT http://localhost:8761/eureka/apps/PROJECT-SERVICE/localhost:project-service:8083?status=UP&lastDirtyTimestamp=1755281980696
2025-08-16T00:24:40.923+06:00 DEBUG 24396 --- [project-service] [beatExecutor-%d] o.s.web.client.RestTemplate              : Accept=[application/json, application/yaml, application/*+json]
2025-08-16T00:24:40.937+06:00 DEBUG 24396 --- [project-service] [reshExecutor-%d] o.s.web.client.RestTemplate              : HTTP GET http://localhost:8761/eureka/apps/delta
2025-08-16T00:24:40.937+06:00 DEBUG 24396 --- [project-service] [reshExecutor-%d] o.s.web.client.RestTemplate              : Accept=[application/json, application/yaml, application/*+json]
2025-08-16T00:24:40.940+06:00 DEBUG 24396 --- [project-service] [beatExecutor-%d] o.s.web.client.RestTemplate              : Response 200 OK
2025-08-16T00:24:40.955+06:00 DEBUG 24396 --- [project-service] [reshExecutor-%d] o.s.web.client.RestTemplate              : Response 200 OK
2025-08-16T00:24:40.955+06:00 DEBUG 24396 --- [project-service] [reshExecutor-%d] o.s.web.client.RestTemplate              : Reading to [org.springframework.cloud.netflix.eureka.http.EurekaApplications]
2025-08-16T00:25:10.953+06:00 DEBUG 24396 --- [project-service] [beatExecutor-%d] o.s.web.client.RestTemplate              : HTTP PUT http://localhost:8761/eureka/apps/PROJECT-SERVICE/localhost:project-service:8083?status=UP&lastDirtyTimestamp=1755281980696
2025-08-16T00:25:10.954+06:00 DEBUG 24396 --- [project-service] [beatExecutor-%d] o.s.web.client.RestTemplate              : Accept=[application/json, application/yaml, application/*+json]
2025-08-16T00:25:10.969+06:00 DEBUG 24396 --- [project-service] [reshExecutor-%d] o.s.web.client.RestTemplate              : HTTP GET http://localhost:8761/eureka/apps/delta
2025-08-16T00:25:10.969+06:00 DEBUG 24396 --- [project-service] [reshExecutor-%d] o.s.web.client.RestTemplate              : Accept=[application/json, application/yaml, application/*+json]
2025-08-16T00:25:10.971+06:00 DEBUG 24396 --- [project-service] [beatExecutor-%d] o.s.web.client.RestTemplate              : Response 200 OK
2025-08-16T00:25:10.986+06:00 DEBUG 24396 --- [project-service] [reshExecutor-%d] o.s.web.client.RestTemplate              : Response 200 OK
2025-08-16T00:25:10.986+06:00 DEBUG 24396 --- [project-service] [reshExecutor-%d] o.s.web.client.RestTemplate              : Reading to [org.springframework.cloud.netflix.eureka.http.EurekaApplications]
2025-08-16T00:25:40.975+06:00 DEBUG 24396 --- [project-service] [beatExecutor-%d] o.s.web.client.RestTemplate              : HTTP PUT http://localhost:8761/eureka/apps/PROJECT-SERVICE/localhost:project-service:8083?status=UP&lastDirtyTimestamp=1755281980696
2025-08-16T00:25:40.976+06:00 DEBUG 24396 --- [project-service] [beatExecutor-%d] o.s.web.client.RestTemplate              : Accept=[application/json, application/yaml, application/*+json]
2025-08-16T00:25:40.990+06:00 DEBUG 24396 --- [project-service] [reshExecutor-%d] o.s.web.client.RestTemplate              : HTTP GET http://localhost:8761/eureka/apps/delta
2025-08-16T00:25:40.991+06:00 DEBUG 24396 --- [project-service] [reshExecutor-%d] o.s.web.client.RestTemplate              : Accept=[application/json, application/yaml, application/*+json]
2025-08-16T00:25:40.993+06:00 DEBUG 24396 --- [project-service] [beatExecutor-%d] o.s.web.client.RestTemplate              : Response 200 OK
2025-08-16T00:25:41.010+06:00 DEBUG 24396 --- [project-service] [reshExecutor-%d] o.s.web.client.RestTemplate              : Response 200 OK
2025-08-16T00:25:41.010+06:00 DEBUG 24396 --- [project-service] [reshExecutor-%d] o.s.web.client.RestTemplate              : Reading to [org.springframework.cloud.netflix.eureka.http.EurekaApplications]
